ASSERTION	AAEDAAEDAwAAAAAAAECPQA==
ASSERTION	AAEDAAECAwAAAAAAAECfQA==
ASSERTION	AAECAAIEAAAAAAAAwFdA
ASSERTION	AAECAAMDAAAAAAAAABRA
RUN	de.thm.mni.microservices.gruppe6.RunScenarios	runscenarios	1628093754483	 	3.6.1
USER	LoginAsPeter	START	1628093755186
USER	LoginAsPeter	START	1628093755186
USER	LoginAsPeter	START	1628093755186
USER	LoginAsPeter	START	1628093755186
USER	LoginAsPeter	START	1628093755186
REQUEST		loginAsPeterHTTP	1628093755216	1628093758208	OK	 
REQUEST		loginAsPeterHTTP	1628093755216	1628093758206	OK	 
REQUEST		loginAsPeterHTTP	1628093755216	1628093758207	OK	 
REQUEST		loginAsPeterHTTP	1628093755216	1628093758205	OK	 
REQUEST		loginAsPeterHTTP	1628093755216	1628093758206	OK	 
REQUEST		createProjectHTTP	1628093758240	1628093760646	OK	 
USER	LoginAsPeter	END	1628093760654
REQUEST		createProjectHTTP	1628093758240	1628093760733	OK	 
USER	LoginAsPeter	END	1628093760734
REQUEST		createProjectHTTP	1628093758241	1628093761037	OK	 
USER	LoginAsPeter	END	1628093761039
REQUEST		createProjectHTTP	1628093758239	1628093761046	OK	 
USER	LoginAsPeter	END	1628093761047
REQUEST		createProjectHTTP	1628093758239	1628093761259	OK	 
USER	LoginAsPeter	END	1628093761260
