ASSERTION	AAEDAAEDAwAAAAAAAECPQA==
ASSERTION	AAEDAAECAwAAAAAAAECfQA==
ASSERTION	AAECAAIEAAAAAAAAwFdA
ASSERTION	AAECAAMDAAAAAAAAABRA
RUN	de.thm.mni.microservices.gruppe6.RunScenarios	runscenarios	1628092133651	 	3.6.1
USER	LoginAsPeter	START	1628092134320
USER	LoginAsPeter	START	1628092134320
USER	LoginAsPeter	START	1628092134320
USER	LoginAsPeter	START	1628092134326
USER	LoginAsPeter	START	1628092134321
USER	LoginAsPeter	START	1628092134320
USER	LoginAsPeter	START	1628092134320
USER	LoginAsPeter	START	1628092134320
USER	LoginAsPeter	START	1628092134320
USER	LoginAsPeter	START	1628092134326
USER	LoginAsPeter	START	1628092134335
USER	LoginAsPeter	START	1628092134337
USER	LoginAsPeter	START	1628092134338
USER	LoginAsPeter	START	1628092134339
USER	LoginAsPeter	START	1628092134340
USER	LoginAsPeter	START	1628092134340
USER	LoginAsPeter	START	1628092134340
USER	LoginAsPeter	START	1628092134340
USER	LoginAsPeter	START	1628092134341
USER	LoginAsPeter	START	1628092134380
USER	LoginAsPeter	START	1628092134380
USER	LoginAsPeter	START	1628092134379
USER	LoginAsPeter	START	1628092134380
USER	LoginAsPeter	START	1628092134381
USER	LoginAsPeter	START	1628092134381
USER	LoginAsPeter	START	1628092134382
USER	LoginAsPeter	START	1628092134382
USER	LoginAsPeter	START	1628092134383
USER	LoginAsPeter	START	1628092134382
USER	LoginAsPeter	START	1628092134383
USER	LoginAsPeter	START	1628092134384
USER	LoginAsPeter	START	1628092134384
USER	LoginAsPeter	START	1628092134384
USER	LoginAsPeter	START	1628092134382
USER	LoginAsPeter	START	1628092134384
USER	LoginAsPeter	START	1628092134384
USER	LoginAsPeter	START	1628092134384
USER	LoginAsPeter	START	1628092134384
USER	LoginAsPeter	START	1628092134385
USER	LoginAsPeter	START	1628092134380
USER	LoginAsPeter	START	1628092134382
USER	LoginAsPeter	START	1628092134386
USER	LoginAsPeter	START	1628092134386
USER	LoginAsPeter	START	1628092134386
USER	LoginAsPeter	START	1628092134386
USER	LoginAsPeter	START	1628092134386
USER	LoginAsPeter	START	1628092134387
USER	LoginAsPeter	START	1628092134387
USER	LoginAsPeter	START	1628092134387
USER	LoginAsPeter	START	1628092134387
USER	LoginAsPeter	START	1628092134387
USER	LoginAsPeter	START	1628092134387
USER	LoginAsPeter	START	1628092134387
USER	LoginAsPeter	START	1628092134387
USER	LoginAsPeter	START	1628092134387
USER	LoginAsPeter	START	1628092134387
USER	LoginAsPeter	START	1628092134388
USER	LoginAsPeter	START	1628092134388
USER	LoginAsPeter	START	1628092134388
USER	LoginAsPeter	START	1628092134388
USER	LoginAsPeter	START	1628092134388
USER	LoginAsPeter	START	1628092134388
USER	LoginAsPeter	START	1628092134388
USER	LoginAsPeter	START	1628092134388
USER	LoginAsPeter	START	1628092134388
USER	LoginAsPeter	START	1628092134388
USER	LoginAsPeter	START	1628092134388
USER	LoginAsPeter	START	1628092134389
USER	LoginAsPeter	START	1628092134382
USER	LoginAsPeter	START	1628092134389
USER	LoginAsPeter	START	1628092134389
USER	LoginAsPeter	START	1628092134389
USER	LoginAsPeter	START	1628092134389
USER	LoginAsPeter	START	1628092134389
USER	LoginAsPeter	START	1628092134389
USER	LoginAsPeter	START	1628092134390
USER	LoginAsPeter	START	1628092134390
USER	LoginAsPeter	START	1628092134390
USER	LoginAsPeter	START	1628092134390
USER	LoginAsPeter	START	1628092134389
USER	LoginAsPeter	START	1628092134391
USER	LoginAsPeter	START	1628092134391
USER	LoginAsPeter	START	1628092134382
USER	LoginAsPeter	START	1628092134383
USER	LoginAsPeter	START	1628092134392
USER	LoginAsPeter	START	1628092134392
USER	LoginAsPeter	START	1628092134392
USER	LoginAsPeter	START	1628092134392
USER	LoginAsPeter	START	1628092134393
USER	LoginAsPeter	START	1628092134393
USER	LoginAsPeter	START	1628092134393
USER	LoginAsPeter	START	1628092134393
USER	LoginAsPeter	START	1628092134384
USER	LoginAsPeter	START	1628092134393
USER	LoginAsPeter	START	1628092134391
USER	LoginAsPeter	START	1628092134394
USER	LoginAsPeter	START	1628092134394
USER	LoginAsPeter	START	1628092134394
USER	LoginAsPeter	START	1628092134395
USER	LoginAsPeter	START	1628092134395
USER	LoginAsPeter	START	1628092134395
USER	LoginAsPeter	START	1628092134395
USER	LoginAsPeter	START	1628092134395
USER	LoginAsPeter	START	1628092134396
USER	LoginAsPeter	START	1628092134396
USER	LoginAsPeter	START	1628092134397
USER	LoginAsPeter	START	1628092134397
USER	LoginAsPeter	START	1628092134397
USER	LoginAsPeter	START	1628092134385
USER	LoginAsPeter	START	1628092134385
USER	LoginAsPeter	START	1628092134385
USER	LoginAsPeter	START	1628092134385
USER	LoginAsPeter	START	1628092134399
USER	LoginAsPeter	START	1628092134399
USER	LoginAsPeter	START	1628092134400
USER	LoginAsPeter	START	1628092134398
USER	LoginAsPeter	START	1628092134398
USER	LoginAsPeter	START	1628092134400
USER	LoginAsPeter	START	1628092134386
USER	LoginAsPeter	START	1628092134386
USER	LoginAsPeter	START	1628092134400
USER	LoginAsPeter	START	1628092134388
USER	LoginAsPeter	START	1628092134389
USER	LoginAsPeter	START	1628092134401
USER	LoginAsPeter	START	1628092134401
USER	LoginAsPeter	START	1628092134401
USER	LoginAsPeter	START	1628092134401
USER	LoginAsPeter	START	1628092134401
USER	LoginAsPeter	START	1628092134401
USER	LoginAsPeter	START	1628092134401
USER	LoginAsPeter	START	1628092134402
USER	LoginAsPeter	START	1628092134391
USER	LoginAsPeter	START	1628092134394
USER	LoginAsPeter	START	1628092134402
USER	LoginAsPeter	START	1628092134403
USER	LoginAsPeter	START	1628092134402
USER	LoginAsPeter	START	1628092134404
USER	LoginAsPeter	START	1628092134401
USER	LoginAsPeter	START	1628092134407
USER	LoginAsPeter	START	1628092134394
USER	LoginAsPeter	START	1628092134398
USER	LoginAsPeter	START	1628092134401
USER	LoginAsPeter	START	1628092134401
USER	LoginAsPeter	START	1628092134410
USER	LoginAsPeter	START	1628092134395
USER	LoginAsPeter	START	1628092134410
USER	LoginAsPeter	START	1628092134402
USER	LoginAsPeter	START	1628092134402
USER	LoginAsPeter	START	1628092134423
USER	LoginAsPeter	START	1628092134430
USER	LoginAsPeter	START	1628092134430
USER	LoginAsPeter	START	1628092134431
USER	LoginAsPeter	START	1628092134431
USER	LoginAsPeter	START	1628092134432
USER	LoginAsPeter	START	1628092134442
USER	LoginAsPeter	START	1628092134443
USER	LoginAsPeter	START	1628092134461
USER	LoginAsPeter	START	1628092134462
USER	LoginAsPeter	START	1628092134447
USER	LoginAsPeter	START	1628092134444
USER	LoginAsPeter	START	1628092134465
USER	LoginAsPeter	START	1628092134448
USER	LoginAsPeter	START	1628092134466
USER	LoginAsPeter	START	1628092134466
USER	LoginAsPeter	START	1628092134467
USER	LoginAsPeter	START	1628092134444
USER	LoginAsPeter	START	1628092134466
USER	LoginAsPeter	START	1628092134443
USER	LoginAsPeter	START	1628092134443
USER	LoginAsPeter	START	1628092134444
USER	LoginAsPeter	START	1628092134443
USER	LoginAsPeter	START	1628092134494
USER	LoginAsPeter	START	1628092134495
USER	LoginAsPeter	START	1628092134468
USER	LoginAsPeter	START	1628092134465
USER	LoginAsPeter	START	1628092134507
USER	LoginAsPeter	START	1628092134508
USER	LoginAsPeter	START	1628092134509
USER	LoginAsPeter	START	1628092134509
USER	LoginAsPeter	START	1628092134509
USER	LoginAsPeter	START	1628092134510
USER	LoginAsPeter	START	1628092134516
USER	LoginAsPeter	START	1628092134518
USER	LoginAsPeter	START	1628092134569
USER	LoginAsPeter	START	1628092134605
USER	LoginAsPeter	START	1628092134602
USER	LoginAsPeter	START	1628092134602
USER	LoginAsPeter	START	1628092134594
USER	LoginAsPeter	START	1628092134615
USER	LoginAsPeter	START	1628092134618
USER	LoginAsPeter	START	1628092134619
USER	LoginAsPeter	START	1628092134630
USER	LoginAsPeter	START	1628092134650
USER	LoginAsPeter	START	1628092134651
USER	LoginAsPeter	START	1628092134657
USER	LoginAsPeter	START	1628092134658
USER	LoginAsPeter	START	1628092134613
USER	LoginAsPeter	START	1628092134661
USER	LoginAsPeter	START	1628092134663
USER	LoginAsPeter	START	1628092134667
REQUEST		loginAsPeterHTTP	1628092134377	1628092135783	OK	 
REQUEST		loginAsPeterHTTP	1628092134381	1628092135891	OK	 
REQUEST		createProjectHTTP	1628092135852	1628092136275	OK	 
USER	LoginAsPeter	END	1628092136311
REQUEST		createProjectHTTP	1628092135895	1628092136386	OK	 
USER	LoginAsPeter	END	1628092136387
REQUEST		