ASSERTION	AAEDAAEDAwAAAAAAAECPQA==
ASSERTION	AAEDAAECAwAAAAAAAECfQA==
ASSERTION	AAECAAIEAAAAAAAAwFdA
ASSERTION	AAECAAMDAAAAAAAAABRA
RUN	de.thm.mni.microservices.gruppe6.RunScenarios	runscenarios	1628093768330	 	3.6.1
USER	LoginAsPeter	START	1628093769051
USER	LoginAsPeter	START	1628093769051
USER	LoginAsPeter	START	1628093769051
USER	LoginAsPeter	START	1628093769051
USER	LoginAsPeter	START	1628093769051
REQUEST		loginAsPeterHTTP	1628093769089	1628093769471	OK	 
REQUEST		loginAsPeterHTTP	1628093769089	1628093769453	OK	 
REQUEST		loginAsPeterHTTP	1628093769089	1628093769486	OK	 
REQUEST		loginAsPeterHTTP	1628093769089	1628093769495	OK	 
REQUEST		loginAsPeterHTTP	1628093769089	1628093769528	OK	 
REQUEST		createProjectHTTP	1628093769488	1628093769709	OK	 
USER	LoginAsPeter	END	1628093769727
REQUEST		createProjectHTTP	1628093769497	1628093769737	OK	 
USER	LoginAsPeter	END	1628093769738
REQUEST		createProjectHTTP	1628093769491	1628093769789	OK	 
USER	LoginAsPeter	END	1628093769793
REQUEST		createProjectHTTP	1628093769492	1628093769821	OK	 
USER	LoginAsPeter	END	1628093769822
REQUEST		createProjectHTTP	1628093769529	1628093769830	OK	 
USER	LoginAsPeter	END	1628093769831
