ASSERTION	AAEDAAEDAwAAAAAAAECPQA==
ASSERTION	AAEDAAECAwAAAAAAAECfQA==
ASSERTION	AAECAAIEAAAAAAAAwFdA
ASSERTION	AAECAAMDAAAAAAAAABRA
RUN	de.thm.mni.microservices.gruppe6.RunScenarios	runscenarios	1628093764618	 	3.6.1
USER	LoginAsPeter	START	1628093765228
USER	LoginAsPeter	START	1628093765228
USER	LoginAsPeter	START	1628093765228
USER	LoginAsPeter	START	1628093765228
USER	LoginAsPeter	START	1628093765228
REQUEST		loginAsPeterHTTP	1628093765262	1628093765566	OK	 
REQUEST		loginAsPeterHTTP	1628093765262	1628093765582	OK	 
REQUEST		loginAsPeterHTTP	1628093765262	1628093765580	OK	 
REQUEST		loginAsPeterHTTP	1628093765262	1628093765598	OK	 
REQUEST		loginAsPeterHTTP	1628093765262	1628093765608	OK	 
REQUEST		createProjectHTTP	1628093765598	1628093765933	OK	 
USER	LoginAsPeter	END	1628093765944
REQUEST		createProjectHTTP	1628093765598	1628093766005	OK	 
USER	LoginAsPeter	END	1628093766008
REQUEST		createProjectHTTP	1628093765600	1628093766035	OK	 
USER	LoginAsPeter	END	1628093766043
REQUEST		createProjectHTTP	1628093765607	1628093766085	OK	 
REQUEST		createProjectHTTP	1628093765610	1628093766088	OK	 
USER	LoginAsPeter	END	1628093766089
USER	LoginAsPeter	END	1628093766091
