ASSERTION	AAEDAAEDAwAAAAAAAECPQA==
ASSERTION	AAEDAAECAwAAAAAAAECfQA==
ASSERTION	AAECAAIEAAAAAAAAwFdA
ASSERTION	AAECAAMDAAAAAAAAABRA
RUN	de.thm.mni.microservices.gruppe6.RunScenarios	runscenarios	1628093771959	 	3.6.1
USER	LoginAsPeter	START	1628093772615
USER	LoginAsPeter	START	1628093772615
USER	LoginAsPeter	START	1628093772615
USER	LoginAsPeter	START	1628093772615
USER	LoginAsPeter	START	1628093772615
REQUEST		loginAsPeterHTTP	1628093772649	1628093772980	OK	 
REQUEST		loginAsPeterHTTP	1628093772649	1628093772995	OK	 
REQUEST		loginAsPeterHTTP	1628093772649	1628093773014	OK	 
REQUEST		loginAsPeterHTTP	1628093772649	1628093773018	OK	 
REQUEST		loginAsPeterHTTP	1628093772649	1628093773027	OK	 
REQUEST		createProjectHTTP	1628093773006	1628093773244	OK	 
USER	LoginAsPeter	END	1628093773253
REQUEST		createProjectHTTP	1628093773003	1628093773307	OK	 
USER	LoginAsPeter	END	1628093773308
REQUEST		createProjectHTTP	1628093773019	1628093773315	OK	 
USER	LoginAsPeter	END	1628093773316
REQUEST		createProjectHTTP	1628093773016	1628093773322	OK	 
USER	LoginAsPeter	END	1628093773323
REQUEST		createProjectHTTP	1628093773035	1628093773336	OK	 
USER	LoginAsPeter	END	1628093773337
